[debug] [2025-11-23T04:31:50.253Z] ----------------------------------------------------------------------
[debug] [2025-11-23T04:31:50.254Z] Command:       /usr/local/bin/node /usr/local/bin/firebase ext:dev:upload modelpilot/modelpilot-router-firebase
[debug] [2025-11-23T04:31:50.255Z] CLI Version:   14.15.2
[debug] [2025-11-23T04:31:50.255Z] Platform:      darwin
[debug] [2025-11-23T04:31:50.255Z] Node Version:  v20.11.0
[debug] [2025-11-23T04:31:50.255Z] Time:          Sun Nov 23 2025 05:31:50 GMT+0100 (GMT+01:00)
[debug] [2025-11-23T04:31:50.255Z] ----------------------------------------------------------------------
[debug] 
[debug] [2025-11-23T04:31:50.344Z] > command requires scopes: ["email","openid","https://www.googleapis.com/auth/cloudplatformprojects.readonly","https://www.googleapis.com/auth/firebase","https://www.googleapis.com/auth/cloud-platform"]
[debug] [2025-11-23T04:31:50.344Z] > authorizing via signed-in user (apostolosded@gmail.com)
[info] i  extensions: ensuring required API firebaseextensionspublisher.googleapis.com is enabled... 
[debug] [2025-11-23T04:31:50.345Z] Checked if tokens are valid: false, expires at: 1763873148647
[debug] [2025-11-23T04:31:50.345Z] Checked if tokens are valid: false, expires at: 1763873148647
[debug] [2025-11-23T04:31:50.345Z] > refreshing access token with scopes: []
[debug] [2025-11-23T04:31:50.346Z] >>> [apiv2][query] POST https://www.googleapis.com/oauth2/v3/token [none]
[debug] [2025-11-23T04:31:50.346Z] >>> [apiv2][body] POST https://www.googleapis.com/oauth2/v3/token [omitted]
[debug] [2025-11-23T04:31:50.529Z] <<< [apiv2][status] POST https://www.googleapis.com/oauth2/v3/token 200
[debug] [2025-11-23T04:31:50.529Z] <<< [apiv2][body] POST https://www.googleapis.com/oauth2/v3/token [omitted]
[debug] [2025-11-23T04:31:50.540Z] >>> [apiv2][query] GET https://firebaseextensionspublisher.googleapis.com/v1beta/projects/-/publisherProfile publisherId=modelpilot
[debug] [2025-11-23T04:31:52.466Z] <<< [apiv2][status] GET https://firebaseextensionspublisher.googleapis.com/v1beta/projects/-/publisherProfile 200
[debug] [2025-11-23T04:31:52.466Z] <<< [apiv2][body] GET https://firebaseextensionspublisher.googleapis.com/v1beta/projects/-/publisherProfile {"name":"projects/894536898690/publisherProfile","publisherId":"modelpilot","registerTime":"2025-11-23T02:20:18.442746Z","displayName":"ModelPilot","websiteUri":"https://modelpilot.co","state":"ACTIVE"}
[debug] [2025-11-23T04:31:52.467Z] Checked if tokens are valid: true, expires at: 1763875909530
[debug] [2025-11-23T04:31:52.468Z] Checked if tokens are valid: true, expires at: 1763875909530
[debug] [2025-11-23T04:31:52.468Z] >>> [apiv2][query] GET https://cloudresourcemanager.googleapis.com/v1/projects/894536898690 [none]
[debug] [2025-11-23T04:31:53.478Z] <<< [apiv2][status] GET https://cloudresourcemanager.googleapis.com/v1/projects/894536898690 200
[debug] [2025-11-23T04:31:53.479Z] <<< [apiv2][body] GET https://cloudresourcemanager.googleapis.com/v1/projects/894536898690 {"projectNumber":"894536898690","projectId":"modelpilot-ff232","lifecycleState":"ACTIVE","name":"modelpilot-ff232","labels":{"firebase":"enabled","firebase-core":"disabled"},"createTime":"2025-11-23T02:19:43.324642Z"}
[debug] [2025-11-23T04:31:53.479Z] Checking if latest publisher TOS has been accepted by 894536898690...
[debug] [2025-11-23T04:31:53.479Z] Checked if tokens are valid: true, expires at: 1763875909530
[debug] [2025-11-23T04:31:53.480Z] Checked if tokens are valid: true, expires at: 1763875909530
[debug] [2025-11-23T04:31:53.480Z] >>> [apiv2][query] GET https://firebaseextensionstos-pa.googleapis.com/v1/projects/894536898690/publishertos [none]
